<?xml version="1.0" encoding="UTF-8"?>
<!-- Generated by org.testng.reporters.JUnitXMLReporter -->
<testsuite ignored="0" hostname="DESKTOP-SCKF30Q" failures="0" tests="3" name="Default test" time="13.484" errors="0" timestamp="2023-11-27T16:59:55 IST">
  <testcase classname="com.admin.LoginAsHOA" name="loginAndCheckAccess" time="5.663"/>
  <testcase classname="com.admin.LoginAsHOA" name="loginAndCheckAccess" time="2.702"/>
  <testcase classname="com.admin.LoginAsHOA" name="loginAndCheckAccess" time="2.16"/>
</testsuite> <!-- Default test -->
