<?xml version="1.0" encoding="UTF-8"?>
<testng-results ignored="0" total="1" passed="1" failed="0" skipped="0">
  <reporter-output>
  </reporter-output>
  <suite started-at="2023-11-29T15:15:40 IST" name="Default suite" finished-at="2023-11-29T15:18:28 IST" duration-ms="167791">
    <groups>
      <group name="integration">
        <method signature="DeleteEmployee_FromHRO_Check_EmployeeCount_TC_09_test.tc_09_test()[pri:0, instance:com.hrofficer.DeleteEmployee_FromHRO_Check_EmployeeCount_TC_09_test@1a942c18]" name="tc_09_test" class="com.hrofficer.DeleteEmployee_FromHRO_Check_EmployeeCount_TC_09_test"/>
      </group> <!-- integration -->
    </groups>
    <test started-at="2023-11-29T15:15:40 IST" name="Default test" finished-at="2023-11-29T15:18:28 IST" duration-ms="167791">
      <class name="com.hrofficer.DeleteEmployee_FromHRO_Check_EmployeeCount_TC_09_test">
        <test-method is-config="true" signature="config_BS()[pri:0, instance:com.hrofficer.DeleteEmployee_FromHRO_Check_EmployeeCount_TC_09_test@1a942c18]" started-at="2023-11-29T15:15:40 IST" name="config_BS" finished-at="2023-11-29T15:15:40 IST" duration-ms="250" status="PASS">
          <reporter-output>
          </reporter-output>
        </test-method> <!-- config_BS -->
        <test-method is-config="true" signature="config_BC()[pri:0, instance:com.hrofficer.DeleteEmployee_FromHRO_Check_EmployeeCount_TC_09_test@1a942c18]" started-at="2023-11-29T15:15:40 IST" name="config_BC" finished-at="2023-11-29T15:15:43 IST" duration-ms="2423" status="PASS">
          <reporter-output>
          </reporter-output>
        </test-method> <!-- config_BC -->
        <test-method signature="tc_09_test()[pri:0, instance:com.hrofficer.DeleteEmployee_FromHRO_Check_EmployeeCount_TC_09_test@1a942c18]" started-at="2023-11-29T15:15:43 IST" name="tc_09_test" finished-at="2023-11-29T15:18:28 IST" duration-ms="165044" status="PASS">
          <reporter-output>
          </reporter-output>
        </test-method> <!-- tc_09_test -->
        <test-method is-config="true" signature="config_AC()[pri:0, instance:com.hrofficer.DeleteEmployee_FromHRO_Check_EmployeeCount_TC_09_test@1a942c18]" started-at="2023-11-29T15:18:28 IST" name="config_AC" finished-at="2023-11-29T15:18:28 IST" duration-ms="238" status="PASS">
          <reporter-output>
          </reporter-output>
        </test-method> <!-- config_AC -->
        <test-method is-config="true" signature="config_AS()[pri:0, instance:com.hrofficer.DeleteEmployee_FromHRO_Check_EmployeeCount_TC_09_test@1a942c18]" started-at="2023-11-29T15:18:28 IST" name="config_AS" finished-at="2023-11-29T15:18:28 IST" duration-ms="10" status="PASS">
          <reporter-output>
          </reporter-output>
        </test-method> <!-- config_AS -->
      </class> <!-- com.hrofficer.DeleteEmployee_FromHRO_Check_EmployeeCount_TC_09_test -->
    </test> <!-- Default test -->
  </suite> <!-- Default suite -->
</testng-results>
